2013/01/17 16:06:00 [error] [php] date(): It is not safe to rely on the system's timezone settings. You are *required* to use the date.timezone setting or the date_default_timezone_set() function. In case you used any of those methods and you are still getting this warning, you most likely misspelled the timezone identifier. We selected 'America/Los_Angeles' for 'PST/-8.0/no DST' instead (/var/www/html/yii/demos/blog/protected/views/post/_view.php:6)
Stack trace:
#0 /var/www/html/yii/framework/web/CBaseController.php(95): PostController->renderInternal()
#1 /var/www/html/yii/framework/zii/widgets/CListView.php(281): PostController->renderFile()
#2 /var/www/html/yii/framework/zii/widgets/CBaseListView.php(160): CListView->renderItems()
#3 unknown(0): CListView->renderSection()
#4 /var/www/html/yii/framework/zii/widgets/CBaseListView.php(143): preg_replace_callback()
#5 /var/www/html/yii/framework/zii/widgets/CBaseListView.php(128): CListView->renderContent()
#6 /var/www/html/yii/framework/web/CBaseController.php(173): CListView->run()
#7 /var/www/html/yii/demos/blog/protected/views/post/index.php(9): PostController->widget()
#8 /var/www/html/yii/framework/web/CBaseController.php(126): require()
#9 /var/www/html/yii/framework/web/CBaseController.php(95): PostController->renderInternal()
#10 /var/www/html/yii/framework/web/CController.php(869): PostController->renderFile()
#11 /var/www/html/yii/framework/web/CController.php(782): PostController->renderPartial()
#12 /var/www/html/yii/demos/blog/protected/controllers/PostController.php(136): PostController->render()
#13 /var/www/html/yii/framework/web/actions/CInlineAction.php(49): PostController->actionIndex()
#14 /var/www/html/yii/framework/web/CController.php(308): CInlineAction->runWithParams()
#15 /var/www/html/yii/framework/web/filters/CFilterChain.php(133): PostController->runAction()
#16 /var/www/html/yii/framework/web/filters/CFilter.php(40): CFilterChain->run()
#17 /var/www/html/yii/framework/web/CController.php(1145): CAccessControlFilter->filter()
#18 /var/www/html/yii/framework/web/filters/CInlineFilter.php(58): PostController->filterAccessControl()
#19 /var/www/html/yii/framework/web/filters/CFilterChain.php(130): CInlineFilter->filter()
#20 /var/www/html/yii/framework/web/CController.php(291): CFilterChain->run()
#21 /var/www/html/yii/framework/web/CController.php(265): PostController->runActionWithFilters()
#22 /var/www/html/yii/framework/web/CWebApplication.php(282): PostController->run()
#23 /var/www/html/yii/framework/web/CWebApplication.php(141): CWebApplication->runController()
#24 /var/www/html/yii/framework/base/CApplication.php(169): CWebApplication->processRequest()
#25 /var/www/html/yii/demos/blog/index.php(11): CWebApplication->run()
REQUEST_URI=/yii/demos/blog/
2013/01/17 16:23:26 [error] [php] date(): It is not safe to rely on the system's timezone settings. You are *required* to use the date.timezone setting or the date_default_timezone_set() function. In case you used any of those methods and you are still getting this warning, you most likely misspelled the timezone identifier. We selected 'America/Los_Angeles' for 'PST/-8.0/no DST' instead (/var/www/html/yii/demos/blog/protected/views/post/_view.php:6)
Stack trace:
#0 /var/www/html/yii/framework/web/CBaseController.php(95): PostController->renderInternal()
#1 /var/www/html/yii/framework/zii/widgets/CListView.php(281): PostController->renderFile()
#2 /var/www/html/yii/framework/zii/widgets/CBaseListView.php(160): CListView->renderItems()
#3 unknown(0): CListView->renderSection()
#4 /var/www/html/yii/framework/zii/widgets/CBaseListView.php(143): preg_replace_callback()
#5 /var/www/html/yii/framework/zii/widgets/CBaseListView.php(128): CListView->renderContent()
#6 /var/www/html/yii/framework/web/CBaseController.php(173): CListView->run()
#7 /var/www/html/yii/demos/blog/protected/views/post/index.php(9): PostController->widget()
#8 /var/www/html/yii/framework/web/CBaseController.php(126): require()
#9 /var/www/html/yii/framework/web/CBaseController.php(95): PostController->renderInternal()
#10 /var/www/html/yii/framework/web/CController.php(869): PostController->renderFile()
#11 /var/www/html/yii/framework/web/CController.php(782): PostController->renderPartial()
#12 /var/www/html/yii/demos/blog/protected/controllers/PostController.php(136): PostController->render()
#13 /var/www/html/yii/framework/web/actions/CInlineAction.php(49): PostController->actionIndex()
#14 /var/www/html/yii/framework/web/CController.php(308): CInlineAction->runWithParams()
#15 /var/www/html/yii/framework/web/filters/CFilterChain.php(133): PostController->runAction()
#16 /var/www/html/yii/framework/web/filters/CFilter.php(40): CFilterChain->run()
#17 /var/www/html/yii/framework/web/CController.php(1145): CAccessControlFilter->filter()
#18 /var/www/html/yii/framework/web/filters/CInlineFilter.php(58): PostController->filterAccessControl()
#19 /var/www/html/yii/framework/web/filters/CFilterChain.php(130): CInlineFilter->filter()
#20 /var/www/html/yii/framework/web/CController.php(291): CFilterChain->run()
#21 /var/www/html/yii/framework/web/CController.php(265): PostController->runActionWithFilters()
#22 /var/www/html/yii/framework/web/CWebApplication.php(282): PostController->run()
#23 /var/www/html/yii/framework/web/CWebApplication.php(141): CWebApplication->runController()
#24 /var/www/html/yii/framework/base/CApplication.php(169): CWebApplication->processRequest()
#25 /var/www/html/yii/demos/blog/index.php(11): CWebApplication->run()
REQUEST_URI=/yii/demos/blog/
2013/01/17 16:27:06 [error] [php] date(): It is not safe to rely on the system's timezone settings. You are *required* to use the date.timezone setting or the date_default_timezone_set() function. In case you used any of those methods and you are still getting this warning, you most likely misspelled the timezone identifier. We selected 'America/Los_Angeles' for 'PST/-8.0/no DST' instead (/var/www/html/yii/demos/blog/protected/views/post/_view.php:6)
Stack trace:
#0 /var/www/html/yii/framework/web/CBaseController.php(95): PostController->renderInternal()
#1 /var/www/html/yii/framework/zii/widgets/CListView.php(281): PostController->renderFile()
#2 /var/www/html/yii/framework/zii/widgets/CBaseListView.php(160): CListView->renderItems()
#3 unknown(0): CListView->renderSection()
#4 /var/www/html/yii/framework/zii/widgets/CBaseListView.php(143): preg_replace_callback()
#5 /var/www/html/yii/framework/zii/widgets/CBaseListView.php(128): CListView->renderContent()
#6 /var/www/html/yii/framework/web/CBaseController.php(173): CListView->run()
#7 /var/www/html/yii/demos/blog/protected/views/post/index.php(9): PostController->widget()
#8 /var/www/html/yii/framework/web/CBaseController.php(126): require()
#9 /var/www/html/yii/framework/web/CBaseController.php(95): PostController->renderInternal()
#10 /var/www/html/yii/framework/web/CController.php(869): PostController->renderFile()
#11 /var/www/html/yii/framework/web/CController.php(782): PostController->renderPartial()
#12 /var/www/html/yii/demos/blog/protected/controllers/PostController.php(136): PostController->render()
#13 /var/www/html/yii/framework/web/actions/CInlineAction.php(49): PostController->actionIndex()
#14 /var/www/html/yii/framework/web/CController.php(308): CInlineAction->runWithParams()
#15 /var/www/html/yii/framework/web/filters/CFilterChain.php(133): PostController->runAction()
#16 /var/www/html/yii/framework/web/filters/CFilter.php(40): CFilterChain->run()
#17 /var/www/html/yii/framework/web/CController.php(1145): CAccessControlFilter->filter()
#18 /var/www/html/yii/framework/web/filters/CInlineFilter.php(58): PostController->filterAccessControl()
#19 /var/www/html/yii/framework/web/filters/CFilterChain.php(130): CInlineFilter->filter()
#20 /var/www/html/yii/framework/web/CController.php(291): CFilterChain->run()
#21 /var/www/html/yii/framework/web/CController.php(265): PostController->runActionWithFilters()
#22 /var/www/html/yii/framework/web/CWebApplication.php(282): PostController->run()
#23 /var/www/html/yii/framework/web/CWebApplication.php(141): CWebApplication->runController()
#24 /var/www/html/yii/framework/base/CApplication.php(169): CWebApplication->processRequest()
#25 /var/www/html/yii/demos/blog/index.php(11): CWebApplication->run()
REQUEST_URI=/yii/demos/blog/
2013/01/17 16:27:10 [error] [php] date(): It is not safe to rely on the system's timezone settings. You are *required* to use the date.timezone setting or the date_default_timezone_set() function. In case you used any of those methods and you are still getting this warning, you most likely misspelled the timezone identifier. We selected 'America/Los_Angeles' for 'PST/-8.0/no DST' instead (/var/www/html/yii/demos/blog/protected/views/post/_view.php:6)
Stack trace:
#0 /var/www/html/yii/framework/web/CBaseController.php(95): PostController->renderInternal()
#1 /var/www/html/yii/framework/zii/widgets/CListView.php(281): PostController->renderFile()
#2 /var/www/html/yii/framework/zii/widgets/CBaseListView.php(160): CListView->renderItems()
#3 unknown(0): CListView->renderSection()
#4 /var/www/html/yii/framework/zii/widgets/CBaseListView.php(143): preg_replace_callback()
#5 /var/www/html/yii/framework/zii/widgets/CBaseListView.php(128): CListView->renderContent()
#6 /var/www/html/yii/framework/web/CBaseController.php(173): CListView->run()
#7 /var/www/html/yii/demos/blog/protected/views/post/index.php(9): PostController->widget()
#8 /var/www/html/yii/framework/web/CBaseController.php(126): require()
#9 /var/www/html/yii/framework/web/CBaseController.php(95): PostController->renderInternal()
#10 /var/www/html/yii/framework/web/CController.php(869): PostController->renderFile()
#11 /var/www/html/yii/framework/web/CController.php(782): PostController->renderPartial()
#12 /var/www/html/yii/demos/blog/protected/controllers/PostController.php(136): PostController->render()
#13 /var/www/html/yii/framework/web/actions/CInlineAction.php(49): PostController->actionIndex()
#14 /var/www/html/yii/framework/web/CController.php(308): CInlineAction->runWithParams()
#15 /var/www/html/yii/framework/web/filters/CFilterChain.php(133): PostController->runAction()
#16 /var/www/html/yii/framework/web/filters/CFilter.php(40): CFilterChain->run()
#17 /var/www/html/yii/framework/web/CController.php(1145): CAccessControlFilter->filter()
#18 /var/www/html/yii/framework/web/filters/CInlineFilter.php(58): PostController->filterAccessControl()
#19 /var/www/html/yii/framework/web/filters/CFilterChain.php(130): CInlineFilter->filter()
#20 /var/www/html/yii/framework/web/CController.php(291): CFilterChain->run()
#21 /var/www/html/yii/framework/web/CController.php(265): PostController->runActionWithFilters()
#22 /var/www/html/yii/framework/web/CWebApplication.php(282): PostController->run()
#23 /var/www/html/yii/framework/web/CWebApplication.php(141): CWebApplication->runController()
#24 /var/www/html/yii/framework/base/CApplication.php(169): CWebApplication->processRequest()
#25 /var/www/html/yii/demos/blog/index.php(11): CWebApplication->run()
REQUEST_URI=/yii/demos/blog/
2013/01/17 16:27:42 [error] [php] date(): It is not safe to rely on the system's timezone settings. You are *required* to use the date.timezone setting or the date_default_timezone_set() function. In case you used any of those methods and you are still getting this warning, you most likely misspelled the timezone identifier. We selected 'America/Los_Angeles' for 'PST/-8.0/no DST' instead (/var/www/html/yii/demos/blog/protected/views/post/_view.php:6)
Stack trace:
#0 /var/www/html/yii/framework/web/CBaseController.php(95): PostController->renderInternal()
#1 /var/www/html/yii/framework/zii/widgets/CListView.php(281): PostController->renderFile()
#2 /var/www/html/yii/framework/zii/widgets/CBaseListView.php(160): CListView->renderItems()
#3 unknown(0): CListView->renderSection()
#4 /var/www/html/yii/framework/zii/widgets/CBaseListView.php(143): preg_replace_callback()
#5 /var/www/html/yii/framework/zii/widgets/CBaseListView.php(128): CListView->renderContent()
#6 /var/www/html/yii/framework/web/CBaseController.php(173): CListView->run()
#7 /var/www/html/yii/demos/blog/protected/views/post/index.php(9): PostController->widget()
#8 /var/www/html/yii/framework/web/CBaseController.php(126): require()
#9 /var/www/html/yii/framework/web/CBaseController.php(95): PostController->renderInternal()
#10 /var/www/html/yii/framework/web/CController.php(869): PostController->renderFile()
#11 /var/www/html/yii/framework/web/CController.php(782): PostController->renderPartial()
#12 /var/www/html/yii/demos/blog/protected/controllers/PostController.php(136): PostController->render()
#13 /var/www/html/yii/framework/web/actions/CInlineAction.php(49): PostController->actionIndex()
#14 /var/www/html/yii/framework/web/CController.php(308): CInlineAction->runWithParams()
#15 /var/www/html/yii/framework/web/filters/CFilterChain.php(133): PostController->runAction()
#16 /var/www/html/yii/framework/web/filters/CFilter.php(40): CFilterChain->run()
#17 /var/www/html/yii/framework/web/CController.php(1145): CAccessControlFilter->filter()
#18 /var/www/html/yii/framework/web/filters/CInlineFilter.php(58): PostController->filterAccessControl()
#19 /var/www/html/yii/framework/web/filters/CFilterChain.php(130): CInlineFilter->filter()
#20 /var/www/html/yii/framework/web/CController.php(291): CFilterChain->run()
#21 /var/www/html/yii/framework/web/CController.php(265): PostController->runActionWithFilters()
#22 /var/www/html/yii/framework/web/CWebApplication.php(282): PostController->run()
#23 /var/www/html/yii/framework/web/CWebApplication.php(141): CWebApplication->runController()
#24 /var/www/html/yii/framework/base/CApplication.php(169): CWebApplication->processRequest()
#25 /var/www/html/yii/demos/blog/index.php(11): CWebApplication->run()
REQUEST_URI=/yii/demos/blog/index.php
2013/01/17 16:27:43 [error] [php] date(): It is not safe to rely on the system's timezone settings. You are *required* to use the date.timezone setting or the date_default_timezone_set() function. In case you used any of those methods and you are still getting this warning, you most likely misspelled the timezone identifier. We selected 'America/Los_Angeles' for 'PST/-8.0/no DST' instead (/var/www/html/yii/demos/blog/protected/views/post/_view.php:6)
Stack trace:
#0 /var/www/html/yii/framework/web/CBaseController.php(95): PostController->renderInternal()
#1 /var/www/html/yii/framework/zii/widgets/CListView.php(281): PostController->renderFile()
#2 /var/www/html/yii/framework/zii/widgets/CBaseListView.php(160): CListView->renderItems()
#3 unknown(0): CListView->renderSection()
#4 /var/www/html/yii/framework/zii/widgets/CBaseListView.php(143): preg_replace_callback()
#5 /var/www/html/yii/framework/zii/widgets/CBaseListView.php(128): CListView->renderContent()
#6 /var/www/html/yii/framework/web/CBaseController.php(173): CListView->run()
#7 /var/www/html/yii/demos/blog/protected/views/post/index.php(9): PostController->widget()
#8 /var/www/html/yii/framework/web/CBaseController.php(126): require()
#9 /var/www/html/yii/framework/web/CBaseController.php(95): PostController->renderInternal()
#10 /var/www/html/yii/framework/web/CController.php(869): PostController->renderFile()
#11 /var/www/html/yii/framework/web/CController.php(782): PostController->renderPartial()
#12 /var/www/html/yii/demos/blog/protected/controllers/PostController.php(136): PostController->render()
#13 /var/www/html/yii/framework/web/actions/CInlineAction.php(49): PostController->actionIndex()
#14 /var/www/html/yii/framework/web/CController.php(308): CInlineAction->runWithParams()
#15 /var/www/html/yii/framework/web/filters/CFilterChain.php(133): PostController->runAction()
#16 /var/www/html/yii/framework/web/filters/CFilter.php(40): CFilterChain->run()
#17 /var/www/html/yii/framework/web/CController.php(1145): CAccessControlFilter->filter()
#18 /var/www/html/yii/framework/web/filters/CInlineFilter.php(58): PostController->filterAccessControl()
#19 /var/www/html/yii/framework/web/filters/CFilterChain.php(130): CInlineFilter->filter()
#20 /var/www/html/yii/framework/web/CController.php(291): CFilterChain->run()
#21 /var/www/html/yii/framework/web/CController.php(265): PostController->runActionWithFilters()
#22 /var/www/html/yii/framework/web/CWebApplication.php(282): PostController->run()
#23 /var/www/html/yii/framework/web/CWebApplication.php(141): CWebApplication->runController()
#24 /var/www/html/yii/framework/base/CApplication.php(169): CWebApplication->processRequest()
#25 /var/www/html/yii/demos/blog/index.php(11): CWebApplication->run()
REQUEST_URI=/yii/demos/blog/index.php/post/index
2013/01/17 16:27:45 [error] [php] date(): It is not safe to rely on the system's timezone settings. You are *required* to use the date.timezone setting or the date_default_timezone_set() function. In case you used any of those methods and you are still getting this warning, you most likely misspelled the timezone identifier. We selected 'America/Los_Angeles' for 'PST/-8.0/no DST' instead (/var/www/html/yii/demos/blog/protected/views/layouts/main.php:47)
Stack trace:
#0 /var/www/html/yii/framework/web/CBaseController.php(95): SiteController->renderInternal()
#1 /var/www/html/yii/framework/web/widgets/CContentDecorator.php(76): SiteController->renderFile()
#2 /var/www/html/yii/framework/web/widgets/CContentDecorator.php(54): CContentDecorator->decorate()
#3 /var/www/html/yii/framework/web/widgets/COutputProcessor.php(44): CContentDecorator->processOutput()
#4 /var/www/html/yii/framework/web/CBaseController.php(206): CContentDecorator->run()
#5 /var/www/html/yii/framework/web/CBaseController.php(300): SiteController->endWidget()
#6 /var/www/html/yii/demos/blog/protected/views/layouts/column1.php(7): SiteController->endContent()
#7 /var/www/html/yii/framework/web/CBaseController.php(126): require()
#8 /var/www/html/yii/framework/web/CBaseController.php(95): SiteController->renderInternal()
#9 /var/www/html/yii/framework/web/CController.php(784): SiteController->renderFile()
#10 /var/www/html/yii/framework/web/actions/CViewAction.php(140): SiteController->render()
#11 /var/www/html/yii/framework/web/actions/CAction.php(76): CViewAction->run()
#12 /var/www/html/yii/framework/web/CController.php(308): CViewAction->runWithParams()
#13 /var/www/html/yii/framework/web/CController.php(286): SiteController->runAction()
#14 /var/www/html/yii/framework/web/CController.php(265): SiteController->runActionWithFilters()
#15 /var/www/html/yii/framework/web/CWebApplication.php(282): SiteController->run()
#16 /var/www/html/yii/framework/web/CWebApplication.php(141): CWebApplication->runController()
#17 /var/www/html/yii/framework/base/CApplication.php(169): CWebApplication->processRequest()
#18 /var/www/html/yii/demos/blog/index.php(11): CWebApplication->run()
REQUEST_URI=/yii/demos/blog/index.php/site/page?view=about
2013/01/17 16:27:46 [error] [php] date(): It is not safe to rely on the system's timezone settings. You are *required* to use the date.timezone setting or the date_default_timezone_set() function. In case you used any of those methods and you are still getting this warning, you most likely misspelled the timezone identifier. We selected 'America/Los_Angeles' for 'PST/-8.0/no DST' instead (/var/www/html/yii/demos/blog/protected/views/layouts/main.php:47)
Stack trace:
#0 /var/www/html/yii/framework/web/CBaseController.php(95): SiteController->renderInternal()
#1 /var/www/html/yii/framework/web/widgets/CContentDecorator.php(76): SiteController->renderFile()
#2 /var/www/html/yii/framework/web/widgets/CContentDecorator.php(54): CContentDecorator->decorate()
#3 /var/www/html/yii/framework/web/widgets/COutputProcessor.php(44): CContentDecorator->processOutput()
#4 /var/www/html/yii/framework/web/CBaseController.php(206): CContentDecorator->run()
#5 /var/www/html/yii/framework/web/CBaseController.php(300): SiteController->endWidget()
#6 /var/www/html/yii/demos/blog/protected/views/layouts/column1.php(7): SiteController->endContent()
#7 /var/www/html/yii/framework/web/CBaseController.php(126): require()
#8 /var/www/html/yii/framework/web/CBaseController.php(95): SiteController->renderInternal()
#9 /var/www/html/yii/framework/web/CController.php(784): SiteController->renderFile()
#10 /var/www/html/yii/demos/blog/protected/controllers/SiteController.php(57): SiteController->render()
#11 /var/www/html/yii/framework/web/actions/CInlineAction.php(49): SiteController->actionContact()
#12 /var/www/html/yii/framework/web/CController.php(308): CInlineAction->runWithParams()
#13 /var/www/html/yii/framework/web/CController.php(286): SiteController->runAction()
#14 /var/www/html/yii/framework/web/CController.php(265): SiteController->runActionWithFilters()
#15 /var/www/html/yii/framework/web/CWebApplication.php(282): SiteController->run()
#16 /var/www/html/yii/framework/web/CWebApplication.php(141): CWebApplication->runController()
#17 /var/www/html/yii/framework/base/CApplication.php(169): CWebApplication->processRequest()
#18 /var/www/html/yii/demos/blog/index.php(11): CWebApplication->run()
REQUEST_URI=/yii/demos/blog/index.php/site/contact
2013/01/17 16:27:47 [error] [php] date(): It is not safe to rely on the system's timezone settings. You are *required* to use the date.timezone setting or the date_default_timezone_set() function. In case you used any of those methods and you are still getting this warning, you most likely misspelled the timezone identifier. We selected 'America/Los_Angeles' for 'PST/-8.0/no DST' instead (/var/www/html/yii/demos/blog/protected/views/layouts/main.php:47)
Stack trace:
#0 /var/www/html/yii/framework/web/CBaseController.php(95): SiteController->renderInternal()
#1 /var/www/html/yii/framework/web/widgets/CContentDecorator.php(76): SiteController->renderFile()
#2 /var/www/html/yii/framework/web/widgets/CContentDecorator.php(54): CContentDecorator->decorate()
#3 /var/www/html/yii/framework/web/widgets/COutputProcessor.php(44): CContentDecorator->processOutput()
#4 /var/www/html/yii/framework/web/CBaseController.php(206): CContentDecorator->run()
#5 /var/www/html/yii/framework/web/CBaseController.php(300): SiteController->endWidget()
#6 /var/www/html/yii/demos/blog/protected/views/layouts/column1.php(7): SiteController->endContent()
#7 /var/www/html/yii/framework/web/CBaseController.php(126): require()
#8 /var/www/html/yii/framework/web/CBaseController.php(95): SiteController->renderInternal()
#9 /var/www/html/yii/framework/web/CController.php(784): SiteController->renderFile()
#10 /var/www/html/yii/demos/blog/protected/controllers/SiteController.php(86): SiteController->render()
#11 /var/www/html/yii/framework/web/actions/CInlineAction.php(49): SiteController->actionLogin()
#12 /var/www/html/yii/framework/web/CController.php(308): CInlineAction->runWithParams()
#13 /var/www/html/yii/framework/web/CController.php(286): SiteController->runAction()
#14 /var/www/html/yii/framework/web/CController.php(265): SiteController->runActionWithFilters()
#15 /var/www/html/yii/framework/web/CWebApplication.php(282): SiteController->run()
#16 /var/www/html/yii/framework/web/CWebApplication.php(141): CWebApplication->runController()
#17 /var/www/html/yii/framework/base/CApplication.php(169): CWebApplication->processRequest()
#18 /var/www/html/yii/demos/blog/index.php(11): CWebApplication->run()
REQUEST_URI=/yii/demos/blog/index.php/site/login
2013/01/17 16:27:49 [error] [php] date(): It is not safe to rely on the system's timezone settings. You are *required* to use the date.timezone setting or the date_default_timezone_set() function. In case you used any of those methods and you are still getting this warning, you most likely misspelled the timezone identifier. We selected 'America/Los_Angeles' for 'PST/-8.0/no DST' instead (/var/www/html/yii/demos/blog/protected/views/post/_view.php:6)
Stack trace:
#0 /var/www/html/yii/framework/web/CBaseController.php(95): PostController->renderInternal()
#1 /var/www/html/yii/framework/zii/widgets/CListView.php(281): PostController->renderFile()
#2 /var/www/html/yii/framework/zii/widgets/CBaseListView.php(160): CListView->renderItems()
#3 unknown(0): CListView->renderSection()
#4 /var/www/html/yii/framework/zii/widgets/CBaseListView.php(143): preg_replace_callback()
#5 /var/www/html/yii/framework/zii/widgets/CBaseListView.php(128): CListView->renderContent()
#6 /var/www/html/yii/framework/web/CBaseController.php(173): CListView->run()
#7 /var/www/html/yii/demos/blog/protected/views/post/index.php(9): PostController->widget()
#8 /var/www/html/yii/framework/web/CBaseController.php(126): require()
#9 /var/www/html/yii/framework/web/CBaseController.php(95): PostController->renderInternal()
#10 /var/www/html/yii/framework/web/CController.php(869): PostController->renderFile()
#11 /var/www/html/yii/framework/web/CController.php(782): PostController->renderPartial()
#12 /var/www/html/yii/demos/blog/protected/controllers/PostController.php(136): PostController->render()
#13 /var/www/html/yii/framework/web/actions/CInlineAction.php(49): PostController->actionIndex()
#14 /var/www/html/yii/framework/web/CController.php(308): CInlineAction->runWithParams()
#15 /var/www/html/yii/framework/web/filters/CFilterChain.php(133): PostController->runAction()
#16 /var/www/html/yii/framework/web/filters/CFilter.php(40): CFilterChain->run()
#17 /var/www/html/yii/framework/web/CController.php(1145): CAccessControlFilter->filter()
#18 /var/www/html/yii/framework/web/filters/CInlineFilter.php(58): PostController->filterAccessControl()
#19 /var/www/html/yii/framework/web/filters/CFilterChain.php(130): CInlineFilter->filter()
#20 /var/www/html/yii/framework/web/CController.php(291): CFilterChain->run()
#21 /var/www/html/yii/framework/web/CController.php(265): PostController->runActionWithFilters()
#22 /var/www/html/yii/framework/web/CWebApplication.php(282): PostController->run()
#23 /var/www/html/yii/framework/web/CWebApplication.php(141): CWebApplication->runController()
#24 /var/www/html/yii/framework/base/CApplication.php(169): CWebApplication->processRequest()
#25 /var/www/html/yii/demos/blog/index.php(11): CWebApplication->run()
REQUEST_URI=/yii/demos/blog/index.php/post/index
2013/01/17 16:31:26 [error] [php] date(): It is not safe to rely on the system's timezone settings. You are *required* to use the date.timezone setting or the date_default_timezone_set() function. In case you used any of those methods and you are still getting this warning, you most likely misspelled the timezone identifier. We selected 'America/Los_Angeles' for 'PST/-8.0/no DST' instead (/var/www/html/yii/demos/blog/protected/views/post/_view.php:6)
Stack trace:
#0 /var/www/html/yii/framework/web/CBaseController.php(95): PostController->renderInternal()
#1 /var/www/html/yii/framework/zii/widgets/CListView.php(281): PostController->renderFile()
#2 /var/www/html/yii/framework/zii/widgets/CBaseListView.php(160): CListView->renderItems()
#3 unknown(0): CListView->renderSection()
#4 /var/www/html/yii/framework/zii/widgets/CBaseListView.php(143): preg_replace_callback()
#5 /var/www/html/yii/framework/zii/widgets/CBaseListView.php(128): CListView->renderContent()
#6 /var/www/html/yii/framework/web/CBaseController.php(173): CListView->run()
#7 /var/www/html/yii/demos/blog/protected/views/post/index.php(9): PostController->widget()
#8 /var/www/html/yii/framework/web/CBaseController.php(126): require()
#9 /var/www/html/yii/framework/web/CBaseController.php(95): PostController->renderInternal()
#10 /var/www/html/yii/framework/web/CController.php(869): PostController->renderFile()
#11 /var/www/html/yii/framework/web/CController.php(782): PostController->renderPartial()
#12 /var/www/html/yii/demos/blog/protected/controllers/PostController.php(136): PostController->render()
#13 /var/www/html/yii/framework/web/actions/CInlineAction.php(49): PostController->actionIndex()
#14 /var/www/html/yii/framework/web/CController.php(308): CInlineAction->runWithParams()
#15 /var/www/html/yii/framework/web/filters/CFilterChain.php(133): PostController->runAction()
#16 /var/www/html/yii/framework/web/filters/CFilter.php(40): CFilterChain->run()
#17 /var/www/html/yii/framework/web/CController.php(1145): CAccessControlFilter->filter()
#18 /var/www/html/yii/framework/web/filters/CInlineFilter.php(58): PostController->filterAccessControl()
#19 /var/www/html/yii/framework/web/filters/CFilterChain.php(130): CInlineFilter->filter()
#20 /var/www/html/yii/framework/web/CController.php(291): CFilterChain->run()
#21 /var/www/html/yii/framework/web/CController.php(265): PostController->runActionWithFilters()
#22 /var/www/html/yii/framework/web/CWebApplication.php(282): PostController->run()
#23 /var/www/html/yii/framework/web/CWebApplication.php(141): CWebApplication->runController()
#24 /var/www/html/yii/framework/base/CApplication.php(169): CWebApplication->processRequest()
#25 /var/www/html/yii/demos/blog/index.php(11): CWebApplication->run()
REQUEST_URI=/yii/demos/blog/index.php/post/index
2013/01/17 16:35:03 [error] [php] include(DOMDocument.php): failed to open stream: No such file or directory (/var/www/html/yii/framework/YiiBase.php:421)
Stack trace:
#0 unknown(0): spl_autoload_call()
#1 /var/www/html/yii/framework/vendors/htmlpurifier/HTMLPurifier.standalone.php(6290): class_exists()
#2 /var/www/html/yii/framework/vendors/htmlpurifier/HTMLPurifier.standalone.php(142): create()
#3 /var/www/html/yii/framework/web/widgets/CHtmlPurifier.php(79): HTMLPurifier->purify()
#4 /var/www/html/yii/framework/web/widgets/CMarkdown.php(60): CHtmlPurifier->purify()
#5 /var/www/html/yii/framework/web/widgets/COutputProcessor.php(44): CMarkdown->processOutput()
#6 /var/www/html/yii/framework/web/CBaseController.php(206): CMarkdown->run()
#7 /var/www/html/yii/demos/blog/protected/views/post/_view.php(12): PostController->endWidget()
#8 /var/www/html/yii/framework/web/CBaseController.php(130): require()
#9 /var/www/html/yii/framework/web/CBaseController.php(95): PostController->renderInternal()
#10 /var/www/html/yii/framework/zii/widgets/CListView.php(281): PostController->renderFile()
#11 /var/www/html/yii/framework/zii/widgets/CBaseListView.php(160): CListView->renderItems()
#12 unknown(0): CListView->renderSection()
#13 /var/www/html/yii/framework/zii/widgets/CBaseListView.php(143): preg_replace_callback()
#14 /var/www/html/yii/framework/zii/widgets/CBaseListView.php(128): CListView->renderContent()
#15 /var/www/html/yii/framework/web/CBaseController.php(173): CListView->run()
#16 /var/www/html/yii/demos/blog/protected/views/post/index.php(9): PostController->widget()
#17 /var/www/html/yii/framework/web/CBaseController.php(126): require()
#18 /var/www/html/yii/framework/web/CBaseController.php(95): PostController->renderInternal()
#19 /var/www/html/yii/framework/web/CController.php(869): PostController->renderFile()
#20 /var/www/html/yii/framework/web/CController.php(782): PostController->renderPartial()
#21 /var/www/html/yii/demos/blog/protected/controllers/PostController.php(136): PostController->render()
#22 /var/www/html/yii/framework/web/actions/CInlineAction.php(49): PostController->actionIndex()
#23 /var/www/html/yii/framework/web/CController.php(308): CInlineAction->runWithParams()
#24 /var/www/html/yii/framework/web/filters/CFilterChain.php(133): PostController->runAction()
#25 /var/www/html/yii/framework/web/filters/CFilter.php(40): CFilterChain->run()
#26 /var/www/html/yii/framework/web/CController.php(1145): CAccessControlFilter->filter()
#27 /var/www/html/yii/framework/web/filters/CInlineFilter.php(58): PostController->filterAccessControl()
#28 /var/www/html/yii/framework/web/filters/CFilterChain.php(130): CInlineFilter->filter()
#29 /var/www/html/yii/framework/web/CController.php(291): CFilterChain->run()
#30 /var/www/html/yii/framework/web/CController.php(265): PostController->runActionWithFilters()
#31 /var/www/html/yii/framework/web/CWebApplication.php(282): PostController->run()
#32 /var/www/html/yii/framework/web/CWebApplication.php(141): CWebApplication->runController()
#33 /var/www/html/yii/framework/base/CApplication.php(169): CWebApplication->processRequest()
#34 /var/www/html/yii/demos/blog/index.php(11): CWebApplication->run()
REQUEST_URI=/yii/demos/blog/index.php/post/index
